0 info it worked if it ends with ok
1 verbose cli [ '/usr/bin/nodejs',
1 verbose cli   '/home/kevindy/.npm-global/bin/npm',
1 verbose cli   'run',
1 verbose cli   'test' ]
2 info using npm@4.1.2
3 info using node@v4.7.2
4 verbose run-script [ 'pretest', 'test', 'posttest' ]
5 info lifecycle bayarea-golden-doodles@1.0.0~pretest: bayarea-golden-doodles@1.0.0
6 silly lifecycle bayarea-golden-doodles@1.0.0~pretest: no script for pretest, continuing
7 info lifecycle bayarea-golden-doodles@1.0.0~test: bayarea-golden-doodles@1.0.0
8 verbose lifecycle bayarea-golden-doodles@1.0.0~test: unsafe-perm in lifecycle true
9 verbose lifecycle bayarea-golden-doodles@1.0.0~test: PATH: /home/kevindy/.npm-global/lib/node_modules/npm/bin/node-gyp-bin:/opt/kevindy/github/KevinDyer/bayareagoldendoodles/node_modules/.bin:/home/kevindy/.npm-global/bin:/opt/android/ndk:/opt/android/android-studio/bin:/opt/android/sdk/tools:/opt/android/sdk/platform-tools:/home/kevindy/bin:/home/kevindy/.npm-global/bin:/home/kevindy/bin:/usr/local/sbin:/usr/local/bin:/usr/sbin:/usr/bin:/sbin:/bin:/usr/games:/usr/local/games:/usr/local/go/bin
10 verbose lifecycle bayarea-golden-doodles@1.0.0~test: CWD: /opt/kevindy/github/KevinDyer/bayareagoldendoodles
11 silly lifecycle bayarea-golden-doodles@1.0.0~test: Args: [ '-c', 'npm run lint && polymer test' ]
12 silly lifecycle bayarea-golden-doodles@1.0.0~test: Returned: code: 1  signal: null
13 info lifecycle bayarea-golden-doodles@1.0.0~test: Failed to exec test script
14 verbose stack Error: bayarea-golden-doodles@1.0.0 test: `npm run lint && polymer test`
14 verbose stack Exit status 1
14 verbose stack     at EventEmitter.<anonymous> (/home/kevindy/.npm-global/lib/node_modules/npm/lib/utils/lifecycle.js:279:16)
14 verbose stack     at emitTwo (events.js:87:13)
14 verbose stack     at EventEmitter.emit (events.js:172:7)
14 verbose stack     at ChildProcess.<anonymous> (/home/kevindy/.npm-global/lib/node_modules/npm/lib/utils/spawn.js:40:14)
14 verbose stack     at emitTwo (events.js:87:13)
14 verbose stack     at ChildProcess.emit (events.js:172:7)
14 verbose stack     at maybeClose (internal/child_process.js:854:16)
14 verbose stack     at Process.ChildProcess._handle.onexit (internal/child_process.js:222:5)
15 verbose pkgid bayarea-golden-doodles@1.0.0
16 verbose cwd /opt/kevindy/github/KevinDyer/bayareagoldendoodles
17 error Linux 4.4.0-59-generic
18 error argv "/usr/bin/nodejs" "/home/kevindy/.npm-global/bin/npm" "run" "test"
19 error node v4.7.2
20 error npm  v4.1.2
21 error code ELIFECYCLE
22 error bayarea-golden-doodles@1.0.0 test: `npm run lint && polymer test`
22 error Exit status 1
23 error Failed at the bayarea-golden-doodles@1.0.0 test script 'npm run lint && polymer test'.
23 error Make sure you have the latest version of node.js and npm installed.
23 error If you do, this is most likely a problem with the bayarea-golden-doodles package,
23 error not with npm itself.
23 error Tell the author that this fails on your system:
23 error     npm run lint && polymer test
23 error You can get information on how to open an issue for this project with:
23 error     npm bugs bayarea-golden-doodles
23 error Or if that isn't available, you can get their info via:
23 error     npm owner ls bayarea-golden-doodles
23 error There is likely additional logging output above.
24 verbose exit [ 1, true ]
